# JRE version: OpenJDK Runtime Environment (8.0_212) (build 1.8.0_212-release-1586-b4-5784211)
# Java VM: OpenJDK 64-Bit Server VM (25.212-b4-5784211 mixed mode linux-amd64 compressed oops)
Heap:
 PSYoungGen      total 377856K, used 377835K [0x00000000e0000000, 0x0000000100000000, 0x0000000100000000)
  eden space 235520K, 100% used [0x00000000e0000000,0x00000000ee600000,0x00000000ee600000)
  from space 142336K, 99% used [0x00000000ee600000,0x00000000f70faff8,0x00000000f7100000)
  to   space 146432K, 43% used [0x00000000f7100000,0x00000000faec84a0,0x0000000100000000)
 ParOldGen       total 681472K, used 268477K [0x00000000a0000000, 0x00000000c9980000, 0x00000000e0000000)
  object space 681472K, 39% used [0x00000000a0000000,0x00000000b062f5a8,0x00000000c9980000)
 Metaspace       used 190693K, capacity 201138K, committed 201256K, reserved 1224704K
  class space    used 24301K, capacity 26325K, committed 26408K, reserved 1048576K
GC Heap History (10 events):
Event: 6706.816 GC heap after
Heap after GC invocations=47 (full 6):
 PSYoungGen      total 254976K, used 18000K [0x00000000e0000000, 0x00000000ff700000, 0x0000000100000000)
  eden space 236544K, 0% used [0x00000000e0000000,0x00000000e0000000,0x00000000ee700000)
  from space 18432K, 97% used [0x00000000ee700000,0x00000000ef894040,0x00000000ef900000)
  to   space 139264K, 0% used [0x00000000f6f00000,0x00000000f6f00000,0x00000000ff700000)
 ParOldGen       total 681472K, used 250049K [0x00000000a0000000, 0x00000000c9980000, 0x00000000e0000000)
  object space 681472K, 36% used [0x00000000a0000000,0x00000000af4305d0,0x00000000c9980000)
 Metaspace       used 171642K, capacity 180484K, committed 183464K, reserved 1208320K
  class space    used 21876K, capacity 23620K, committed 24232K, reserved 1048576K
}
Event: 6707.842 GC heap before
{Heap before GC invocations=48 (full 6):
 PSYoungGen      total 254976K, used 254544K [0x00000000e0000000, 0x00000000ff700000, 0x0000000100000000)
  eden space 236544K, 100% used [0x00000000e0000000,0x00000000ee700000,0x00000000ee700000)
  from space 18432K, 97% used [0x00000000ee700000,0x00000000ef894040,0x00000000ef900000)
  to   space 139264K, 0% used [0x00000000f6f00000,0x00000000f6f00000,0x00000000ff700000)
 ParOldGen       total 681472K, used 250049K [0x00000000a0000000, 0x00000000c9980000, 0x00000000e0000000)
  object space 681472K, 36% used [0x00000000a0000000,0x00000000af4305d0,0x00000000c9980000)
 Metaspace       used 172969K, capacity 181920K, committed 184232K, reserved 1210368K
  class space    used 22007K, capacity 23744K, committed 24232K, reserved 1048576K
Event: 6707.851 GC heap after
Heap after GC invocations=48 (full 6):
 PSYoungGen      total 381952K, used 25353K [0x00000000e0000000, 0x00000000ffe80000, 0x0000000100000000)
  eden space 242688K, 0% used [0x00000000e0000000,0x00000000e0000000,0x00000000eed00000)
  from space 139264K, 18% used [0x00000000f6f00000,0x00000000f87c27e0,0x00000000ff700000)
  to   space 133120K, 0% used [0x00000000eed00000,0x00000000eed00000,0x00000000f6f00000)
 ParOldGen       total 681472K, used 250057K [0x00000000a0000000, 0x00000000c9980000, 0x00000000e0000000)
  object space 681472K, 36% used [0x00000000a0000000,0x00000000af4325d0,0x00000000c9980000)
 Metaspace       used 172969K, capacity 181920K, committed 184232K, reserved 1210368K
  class space    used 22007K, capacity 23744K, committed 24232K, reserved 1048576K
}
Event: 6710.066 GC heap before
{Heap before GC invocations=49 (full 6):
 PSYoungGen      total 381952K, used 268041K [0x00000000e0000000, 0x00000000ffe80000, 0x0000000100000000)
  eden space 242688K, 100% used [0x00000000e0000000,0x00000000eed00000,0x00000000eed00000)
  from space 139264K, 18% used [0x00000000f6f00000,0x00000000f87c27e0,0x00000000ff700000)
  to   space 133120K, 0% used [0x00000000eed00000,0x00000000eed00000,0x00000000f6f00000)
 ParOldGen       total 681472K, used 250057K [0x00000000a0000000, 0x00000000c9980000, 0x00000000e0000000)
  object space 681472K, 36% used [0x00000000a0000000,0x00000000af4325d0,0x00000000c9980000)
 Metaspace       used 173929K, capacity 183136K, committed 185000K, reserved 1210368K
  class space    used 22099K, capacity 23878K, committed 24232K, reserved 1048576K
Event: 6710.082 GC heap after
Heap after GC invocations=49 (full 6):
 PSYoungGen      total 375808K, used 48307K [0x00000000e0000000, 0x00000000fec00000, 0x0000000100000000)
  eden space 242688K, 0% used [0x00000000e0000000,0x00000000e0000000,0x00000000eed00000)
  from space 133120K, 36% used [0x00000000eed00000,0x00000000f1c2cd30,0x00000000f6f00000)
  to   space 125952K, 0% used [0x00000000f7100000,0x00000000f7100000,0x00000000fec00000)
 ParOldGen       total 681472K, used 250065K [0x00000000a0000000, 0x00000000c9980000, 0x00000000e0000000)
  object space 681472K, 36% used [0x00000000a0000000,0x00000000af4345d0,0x00000000c9980000)
 Metaspace       used 173929K, capacity 183136K, committed 185000K, reserved 1210368K
  class space    used 22099K, capacity 23878K, committed 24232K, reserved 1048576K
}
Event: 6711.216 GC heap before
{Heap before GC invocations=50 (full 6):
 PSYoungGen      total 375808K, used 290995K [0x00000000e0000000, 0x00000000fec00000, 0x0000000100000000)
  eden space 242688K, 100% used [0x00000000e0000000,0x00000000eed00000,0x00000000eed00000)
  from space 133120K, 36% used [0x00000000eed00000,0x00000000f1c2cd30,0x00000000f6f00000)
  to   space 125952K, 0% used [0x00000000f7100000,0x00000000f7100000,0x00000000fec00000)
 ParOldGen       total 681472K, used 250065K [0x00000000a0000000, 0x00000000c9980000, 0x00000000e0000000)
  object space 681472K, 36% used [0x00000000a0000000,0x00000000af4345d0,0x00000000c9980000)
 Metaspace       used 187971K, capacity 197574K, committed 198440K, reserved 1222656K
  class space    used 23855K, capacity 25733K, committed 25896K, reserved 1048576K
Event: 6711.246 GC heap after
Heap after GC invocations=50 (full 6):
 PSYoungGen      total 361472K, used 109103K [0x00000000e0000000, 0x0000000100000000, 0x0000000100000000)
  eden space 235520K, 0% used [0x00000000e0000000,0x00000000e0000000,0x00000000ee600000)
  from space 125952K, 86% used [0x00000000f7100000,0x00000000fdb8be00,0x00000000fec00000)
  to   space 142336K, 0% used [0x00000000ee600000,0x00000000ee600000,0x00000000f7100000)
 ParOldGen       total 681472K, used 250073K [0x00000000a0000000, 0x00000000c9980000, 0x00000000e0000000)
  object space 681472K, 36% used [0x00000000a0000000,0x00000000af4365d0,0x00000000c9980000)
 Metaspace       used 187971K, capacity 197574K, committed 198440K, reserved 1222656K
  class space    used 23855K, capacity 25733K, committed 25896K, reserved 1048576K
}
Event: 6711.571 GC heap before
{Heap before GC invocations=51 (full 6):
 PSYoungGen      total 361472K, used 344623K [0x00000000e0000000, 0x0000000100000000, 0x0000000100000000)
  eden space 235520K, 100% used [0x00000000e0000000,0x00000000ee600000,0x00000000ee600000)
  from space 125952K, 86% used [0x00000000f7100000,0x00000000fdb8be00,0x00000000fec00000)
  to   space 142336K, 0% used [0x00000000ee600000,0x00000000ee600000,0x00000000f7100000)
 ParOldGen       total 681472K, used 250073K [0x00000000a0000000, 0x00000000c9980000, 0x00000000e0000000)
  object space 681472K, 36% used [0x00000000a0000000,0x00000000af4365d0,0x00000000c9980000)
 Metaspace       used 188564K, capacity 198306K, committed 198952K, reserved 1222656K
  class space    used 23952K, capacity 25867K, committed 25896K, reserved 1048576K
Event: 6711.604 GC heap after
Heap after GC invocations=51 (full 6):
 PSYoungGen      total 377856K, used 142315K [0x00000000e0000000, 0x0000000100000000, 0x0000000100000000)
  eden space 235520K, 0% used [0x00000000e0000000,0x00000000e0000000,0x00000000ee600000)
  from space 142336K, 99% used [0x00000000ee600000,0x00000000f70faff8,0x00000000f7100000)
  to   space 146432K, 0% used [0x00000000f7100000,0x00000000f7100000,0x0000000100000000)
 ParOldGen       total 681472K, used 250501K [0x00000000a0000000, 0x00000000c9980000, 0x00000000e0000000)
  object space 681472K, 36% used [0x00000000a0000000,0x00000000af4a1698,0x00000000c9980000)
 Metaspace       used 188564K, capacity 198306K, committed 198952K, reserved 1222656K
  class space    used 23952K, capacity 25867K, committed 25896K, reserved 1048576K
}
Event: 6712.046 GC heap before
{Heap before GC invocations=52 (full 6):
 PSYoungGen      total 377856K, used 377835K [0x00000000e0000000, 0x0000000100000000, 0x0000000100000000)
  eden space 235520K, 100% used [0x00000000e0000000,0x00000000ee600000,0x00000000ee600000)
  from space 142336K, 99% used [0x00000000ee600000,0x00000000f70faff8,0x00000000f7100000)
  to   space 146432K, 0% used [0x00000000f7100000,0x00000000f7100000,0x0000000100000000)
 ParOldGen       total 681472K, used 250501K [0x00000000a0000000, 0x00000000c9980000, 0x00000000e0000000)
  object space 681472K, 36% used [0x00000000a0000000,0x00000000af4a1698,0x00000000c9980000)
 Metaspace       used 190693K, capacity 201138K, committed 201256K, reserved 1224704K
  class space    used 24301K, capacity 26325K, committed 26408K, reserved 1048576K

